<?xml version="1.0" encoding="UTF-8"?>
<coverage generated="1742080622459" clover="3.2.0">
  <project timestamp="1742080622459" name="All files">
    <metrics statements="31" coveredstatements="30" conditionals="13" coveredconditionals="11" methods="3" coveredmethods="3" elements="47" coveredelements="44" complexity="0" loc="31" ncloc="31" packages="1" files="3" classes="3"/>
    <file name="isSubsequence.js" path="C:\Users\yasin\Desktop\code\GitHub\algorithms\leetCode\isSubsequence.js">
      <metrics statements="9" coveredstatements="9" conditionals="4" coveredconditionals="4" methods="1" coveredmethods="1"/>
      <line num="2" count="6" type="stmt"/>
      <line num="3" count="6" type="stmt"/>
      <line num="4" count="6" type="stmt"/>
      <line num="5" count="6" type="stmt"/>
      <line num="6" count="6" type="cond" truecount="2" falsecount="0"/>
      <line num="7" count="30" type="cond" truecount="2" falsecount="0"/>
      <line num="8" count="10" type="stmt"/>
      <line num="12" count="6" type="stmt"/>
      <line num="14" count="1" type="stmt"/>
    </file>
    <file name="palindromeNumber.js" path="C:\Users\yasin\Desktop\code\GitHub\algorithms\leetCode\palindromeNumber.js">
      <metrics statements="9" coveredstatements="8" conditionals="2" coveredconditionals="1" methods="1" coveredmethods="1"/>
      <line num="2" count="2" type="cond" truecount="1" falsecount="1"/>
      <line num="3" count="0" type="stmt"/>
      <line num="5" count="2" type="stmt"/>
      <line num="6" count="2" type="stmt"/>
      <line num="7" count="2" type="stmt"/>
      <line num="8" count="6" type="stmt"/>
      <line num="9" count="6" type="stmt"/>
      <line num="11" count="2" type="stmt"/>
      <line num="14" count="1" type="stmt"/>
    </file>
    <file name="romanToInteger.js" path="C:\Users\yasin\Desktop\code\GitHub\algorithms\leetCode\romanToInteger.js">
      <metrics statements="13" coveredstatements="13" conditionals="7" coveredconditionals="6" methods="1" coveredmethods="1"/>
      <line num="1" count="1" type="stmt"/>
      <line num="12" count="4" type="stmt"/>
      <line num="13" count="4" type="stmt"/>
      <line num="14" count="4" type="stmt"/>
      <line num="15" count="13" type="stmt"/>
      <line num="16" count="13" type="cond" truecount="2" falsecount="0"/>
      <line num="17" count="4" type="cond" truecount="2" falsecount="0"/>
      <line num="21" count="3" type="stmt"/>
      <line num="23" count="1" type="stmt"/>
      <line num="26" count="9" type="stmt"/>
      <line num="28" count="12" type="stmt"/>
      <line num="30" count="3" type="stmt"/>
      <line num="33" count="1" type="stmt"/>
    </file>
  </project>
</coverage>
