TN:
SF:leetCode\isSubsequence.js
FN:1,isSubsequenc
FNF:1
FNH:1
FNDA:6,isSubsequenc
DA:2,6
DA:3,6
DA:4,6
DA:5,6
DA:6,6
DA:7,30
DA:8,10
DA:12,6
DA:14,1
LF:9
LH:9
BRDA:6,0,0,36
BRDA:6,0,1,31
BRDA:7,1,0,10
BRDA:7,1,1,20
BRF:4
BRH:4
end_of_record
TN:
SF:leetCode\palindromeNumber.js
FN:1,isItPalindrome
FNF:1
FNH:1
FNDA:2,isItPalindrome
DA:2,2
DA:3,0
DA:5,2
DA:6,2
DA:7,2
DA:8,6
DA:9,6
DA:11,2
DA:14,1
LF:9
LH:8
BRDA:2,0,0,0
BRDA:2,0,1,2
BRF:2
BRH:1
end_of_record
TN:
SF:leetCode\romanToInteger.js
FN:11,romanToInt
FNF:1
FNH:1
FNDA:4,romanToInt
DA:1,1
DA:12,4
DA:13,4
DA:14,4
DA:15,13
DA:16,13
DA:17,4
DA:21,3
DA:23,1
DA:26,9
DA:28,12
DA:30,3
DA:33,1
LF:13
LH:13
BRDA:11,0,0,0
BRDA:16,1,0,4
BRDA:16,1,1,9
BRDA:17,2,0,3
BRDA:17,2,1,1
BRDA:18,3,0,4
BRDA:18,3,1,3
BRF:7
BRH:6
end_of_record
